(299;300)
sum:1088.000000
avg:544.000000

(301;304)
sum:1656.000000
avg:414.000000

(305;320)
sum:7947.000000
avg:496.687500

(321;336)
sum:8590.000000
avg:536.875000

	--zmiana--
(299;336)
sum:19281.000000
avg:507.394737

(932;932)
sum:577.000000
avg:577.000000

(933;936)
sum:2468.000000
avg:617.000000

(937;944)
sum:3820.000000
avg:477.500000

(945;952)
sum:3729.000000
avg:466.125000

(953;956)
sum:1029.000000
avg:257.250000

	--zmiana--
(932;956)
sum:11623.000000
avg:464.920000

(845;848)
sum:1819.000000
avg:454.750000

(849;864)
sum:8561.000000
avg:535.062500

(865;896)
sum:15493.000000
avg:484.156250

(897;960)
sum:27418.000000
avg:428.406250

(961;976)
sum:7454.000000
avg:465.875000

(977;980)
sum:2546.000000
avg:636.500000

	--zmiana--
(845;980)
sum:63291.000000
avg:465.375000

(24;24)
sum:135.000000
avg:135.000000

(25;32)
sum:5192.000000
avg:649.000000

(33;64)
sum:17575.000000
avg:549.218750

(65;128)
sum:32602.000000
avg:509.406250

(129;256)
sum:66859.000000
avg:522.335938

(257;512)
sum:130102.000000
avg:508.210938

(513;528)
sum:8584.000000
avg:536.500000

(529;536)
sum:2700.000000
avg:337.500000

(537;540)
sum:3233.000000
avg:808.250000

(541;542)
sum:1300.000000
avg:650.000000

(543;543)
sum:78.000000
avg:78.000000

	--zmiana--
(24;543)
sum:268360.000000
avg:516.076923

(152;152)
sum:516.076923
avg:516.076923

(153;160)
sum:4128.615385
avg:516.076923

(161;192)
sum:16514.461538
avg:516.076923

(193;256)
sum:33028.923077
avg:516.076923

(257;512)
sum:132115.692308
avg:516.076923

(513;768)
sum:135010.384615
avg:527.384315

(769;832)
sum:33464.000000
avg:522.875000

(833;848)
sum:7797.500000
avg:487.343750

(849;856)
sum:3723.000000
avg:465.375000

(857;860)
sum:1861.500000
avg:465.375000

(861;861)
sum:465.375000
avg:465.375000

	--zmiana--
(152;861)
sum:368625.528846
avg:519.190886

(312;312)
sum:519.190886
avg:519.190886

(313;320)
sum:4153.527086
avg:519.190886

(321;384)
sum:33228.216685
avg:519.190886

(385;416)
sum:16614.108342
avg:519.190886

(417;432)
sum:8307.054171
avg:519.190886

(433;436)
sum:2076.763543
avg:519.190886

	--zmiana--
(312;436)
sum:64898.860712
avg:519.190886

519.190886
